15:49:01 **** Incremental Build of configuration Debug for project frdmk66f_gpio_led_output ****
make -r -j4 all 
Building file: ../source/gpio_led_output.c
Invoking: MCU C Compiler
arm-none-eabi-gcc -std=gnu99 -D__REDLIB__ -DCPU_MK66FN2M0VMD18 -DCPU_MK66FN2M0VMD18_cm4 -DFRDM_K66F -DFREEDOM -DMCUXPRESSO_SDK -DSDK_DEBUGCONSOLE=0 -DCR_INTEGER_PRINTF -DPRINTF_FLOAT_ENABLE=0 -D__MCUXPRESSO -D__USE_CMSIS -DDEBUG -I"C:\Users\guoj69\Desktop\lab 0\frdmk66f_gpio_led_output\source" -I"C:\Users\guoj69\Desktop\lab 0\frdmk66f_gpio_led_output\utilities" -I"C:\Users\guoj69\Desktop\lab 0\frdmk66f_gpio_led_output\drivers" -I"C:\Users\guoj69\Desktop\lab 0\frdmk66f_gpio_led_output\device" -I"C:\Users\guoj69\Desktop\lab 0\frdmk66f_gpio_led_output\component\uart" -I"C:\Users\guoj69\Desktop\lab 0\frdmk66f_gpio_led_output\component\lists" -I"C:\Users\guoj69\Desktop\lab 0\frdmk66f_gpio_led_output\CMSIS" -I"C:\Users\guoj69\Desktop\lab 0\frdmk66f_gpio_led_output\board" -I"C:\Users\guoj69\Desktop\lab 0\frdmk66f_gpio_led_output\frdmk66f\driver_examples\gpio\led_output" -O0 -fno-common -g3 -c -ffunction-sections -fdata-sections -ffreestanding -fno-builtin -fmerge-constants -fmacro-prefix-map="../source/"= -mcpu=cortex-m4 -mfpu=fpv4-sp-d16 -mfloat-abi=hard -mthumb -D__REDLIB__ -fstack-usage -specs=redlib.specs -MMD -MP -MF"source/gpio_led_output.d" -MT"source/gpio_led_output.o" -MT"source/gpio_led_output.d" -o "source/gpio_led_output.o" "../source/gpio_led_output.c"
Finished building: ../source/gpio_led_output.c
 
Building target: frdmk66f_gpio_led_output.axf
Invoking: MCU Linker
arm-none-eabi-gcc -nostdlib -Xlinker -Map="frdmk66f_gpio_led_output.map" -Xlinker --gc-sections -Xlinker -print-memory-usage -Xlinker --sort-section=alignment -Xlinker --cref -mcpu=cortex-m4 -mfpu=fpv4-sp-d16 -mfloat-abi=hard -mthumb -T frdmk66f_gpio_led_output_Debug.ld -o "frdmk66f_gpio_led_output.axf" ./utilities/fsl_assert.o ./utilities/fsl_debug_console.o  ./startup/startup_mk66f18.o  ./source/gpio_led_output.o ./source/semihost_hardfault.o  ./drivers/fsl_clock.o ./drivers/fsl_common.o ./drivers/fsl_common_arm.o ./drivers/fsl_ftfx_cache.o ./drivers/fsl_ftfx_controller.o ./drivers/fsl_ftfx_flash.o ./drivers/fsl_ftfx_flexnvm.o ./drivers/fsl_gpio.o ./drivers/fsl_lpuart.o ./drivers/fsl_smc.o ./drivers/fsl_uart.o  ./device/system_MK66F18.o  ./component/uart/fsl_adapter_uart.o  ./component/lists/fsl_component_generic_list.o  ./board/board.o ./board/clock_config.o ./board/pin_mux.o   
Memory region         Used Size  Region Size  %age Used
   PROGRAM_FLASH:       11184 B         2 MB      0.53%
      SRAM_UPPER:        8448 B       192 KB      4.30%
      SRAM_LOWER:          0 GB        64 KB      0.00%
        FLEX_RAM:          0 GB         4 KB      0.00%
Finished building target: frdmk66f_gpio_led_output.axf
 
Performing post-build steps
arm-none-eabi-size "frdmk66f_gpio_led_output.axf"; # arm-none-eabi-objcopy -v -O binary "frdmk66f_gpio_led_output.axf" "frdmk66f_gpio_led_output.bin" ; # checksum -p MK66FN2M0xxx18 -d "frdmk66f_gpio_led_output.bin";
   text	   data	    bss	    dec	    hex	filename
  11168	     16	   8432	  19616	   4ca0	frdmk66f_gpio_led_output.axf
 

15:49:02 Build Finished. 0 errors, 0 warnings. (took 878ms)

